# JRE version: OpenJDK Runtime Environment Temurin-17.0.11+9 (17.0.11+9) (build 17.0.11+9)
# Java VM: OpenJDK 64-Bit Server VM Temurin-17.0.11+9 (17.0.11+9, mixed mode, sharing, tiered, compressed oops, compressed class ptrs, g1 gc, windows-amd64)
GC Precious Log:
 CPUs: 4 total, 4 available
 Memory: 16252M
 Large Page Support: Disabled
 NUMA Support: Disabled
 Compressed Oops: Enabled (Zero based)
 Heap Region Size: 2M
 Heap Min Capacity: 8M
 Heap Initial Capacity: 254M
 Heap Max Capacity: 4G
 Pre-touch: Disabled
 Parallel Workers: 4
 Concurrent Workers: 1
 Concurrent Refinement Workers: 4
 Periodic GC: Disabled
Heap:
 garbage-first heap   total 141312K, used 87442K [0x0000000700000000, 0x0000000800000000)
  region size 2048K, 2 young (4096K), 1 survivors (2048K)
 Metaspace       used 71047K, committed 71744K, reserved 1114112K
  class space    used 9840K, committed 10112K, reserved 1048576K
GC Heap History (20 events):
Event: 41.633 GC heap before
{Heap before GC invocations=23 (full 0):
 garbage-first heap   total 90112K, used 72314K [0x0000000700000000, 0x0000000800000000)
  region size 2048K, 11 young (22528K), 1 survivors (2048K)
 Metaspace       used 66304K, committed 66944K, reserved 1114112K
  class space    used 9166K, committed 9472K, reserved 1048576K
}
Event: 41.638 GC heap after
{Heap after GC invocations=24 (full 0):
 garbage-first heap   total 90112K, used 53876K [0x0000000700000000, 0x0000000800000000)
  region size 2048K, 2 young (4096K), 2 survivors (4096K)
 Metaspace       used 66304K, committed 66944K, reserved 1114112K
  class space    used 9166K, committed 9472K, reserved 1048576K
}
Event: 42.271 GC heap before
{Heap before GC invocations=25 (full 0):
 garbage-first heap   total 106496K, used 72308K [0x0000000700000000, 0x0000000800000000)
  region size 2048K, 11 young (22528K), 2 survivors (4096K)
 Metaspace       used 66710K, committed 67328K, reserved 1114112K
  class space    used 9229K, committed 9536K, reserved 1048576K
}
Event: 42.277 GC heap after
{Heap after GC invocations=26 (full 0):
 garbage-first heap   total 106496K, used 55994K [0x0000000700000000, 0x0000000800000000)
  region size 2048K, 2 young (4096K), 2 survivors (4096K)
 Metaspace       used 66710K, committed 67328K, reserved 1114112K
  class space    used 9229K, committed 9536K, reserved 1048576K
}
Event: 43.215 GC heap before
{Heap before GC invocations=26 (full 0):
 garbage-first heap   total 106496K, used 82618K [0x0000000700000000, 0x0000000800000000)
  region size 2048K, 15 young (30720K), 2 survivors (4096K)
 Metaspace       used 66952K, committed 67584K, reserved 1114112K
  class space    used 9268K, committed 9536K, reserved 1048576K
}
Event: 43.222 GC heap after
{Heap after GC invocations=27 (full 0):
 garbage-first heap   total 106496K, used 58678K [0x0000000700000000, 0x0000000800000000)
  region size 2048K, 2 young (4096K), 2 survivors (4096K)
 Metaspace       used 66952K, committed 67584K, reserved 1114112K
  class space    used 9268K, committed 9536K, reserved 1048576K
}
Event: 44.327 GC heap before
{Heap before GC invocations=28 (full 0):
 garbage-first heap   total 110592K, used 83254K [0x0000000700000000, 0x0000000800000000)
  region size 2048K, 15 young (30720K), 2 survivors (4096K)
 Metaspace       used 67954K, committed 68608K, reserved 1114112K
  class space    used 9440K, committed 9728K, reserved 1048576K
}
Event: 44.335 GC heap after
{Heap after GC invocations=29 (full 0):
 garbage-first heap   total 110592K, used 61688K [0x0000000700000000, 0x0000000800000000)
  region size 2048K, 2 young (4096K), 2 survivors (4096K)
 Metaspace       used 67954K, committed 68608K, reserved 1114112K
  class space    used 9440K, committed 9728K, reserved 1048576K
}
Event: 46.108 GC heap before
{Heap before GC invocations=29 (full 0):
 garbage-first heap   total 110592K, used 88312K [0x0000000700000000, 0x0000000800000000)
  region size 2048K, 15 young (30720K), 2 survivors (4096K)
 Metaspace       used 68967K, committed 69632K, reserved 1114112K
  class space    used 9588K, committed 9920K, reserved 1048576K
}
Event: 46.114 GC heap after
{Heap after GC invocations=30 (full 0):
 garbage-first heap   total 110592K, used 63905K [0x0000000700000000, 0x0000000800000000)
  region size 2048K, 2 young (4096K), 2 survivors (4096K)
 Metaspace       used 68967K, committed 69632K, reserved 1114112K
  class space    used 9588K, committed 9920K, reserved 1048576K
}
Event: 46.404 GC heap before
{Heap before GC invocations=31 (full 0):
 garbage-first heap   total 116736K, used 68001K [0x0000000700000000, 0x0000000800000000)
  region size 2048K, 5 young (10240K), 2 survivors (4096K)
 Metaspace       used 69450K, committed 70144K, reserved 1114112K
  class space    used 9664K, committed 9984K, reserved 1048576K
}
Event: 46.409 GC heap after
{Heap after GC invocations=32 (full 0):
 garbage-first heap   total 116736K, used 64204K [0x0000000700000000, 0x0000000800000000)
  region size 2048K, 1 young (2048K), 1 survivors (2048K)
 Metaspace       used 69450K, committed 70144K, reserved 1114112K
  class space    used 9664K, committed 9984K, reserved 1048576K
}
Event: 46.822 GC heap before
{Heap before GC invocations=33 (full 0):
 garbage-first heap   total 122880K, used 70348K [0x0000000700000000, 0x0000000800000000)
  region size 2048K, 3 young (6144K), 1 survivors (2048K)
 Metaspace       used 69718K, committed 70400K, reserved 1114112K
  class space    used 9697K, committed 9984K, reserved 1048576K
}
Event: 46.824 GC heap after
{Heap after GC invocations=34 (full 0):
 garbage-first heap   total 122880K, used 64136K [0x0000000700000000, 0x0000000800000000)
  region size 2048K, 1 young (2048K), 1 survivors (2048K)
 Metaspace       used 69718K, committed 70400K, reserved 1114112K
  class space    used 9697K, committed 9984K, reserved 1048576K
}
Event: 47.129 GC heap before
{Heap before GC invocations=35 (full 0):
 garbage-first heap   total 122880K, used 70280K [0x0000000700000000, 0x0000000800000000)
  region size 2048K, 2 young (4096K), 1 survivors (2048K)
 Metaspace       used 69720K, committed 70400K, reserved 1114112K
  class space    used 9697K, committed 9984K, reserved 1048576K
}
Event: 47.132 GC heap after
{Heap after GC invocations=36 (full 0):
 garbage-first heap   total 122880K, used 64106K [0x0000000700000000, 0x0000000800000000)
  region size 2048K, 1 young (2048K), 1 survivors (2048K)
 Metaspace       used 69720K, committed 70400K, reserved 1114112K
  class space    used 9697K, committed 9984K, reserved 1048576K
}
Event: 47.499 GC heap before
{Heap before GC invocations=37 (full 0):
 garbage-first heap   total 122880K, used 70250K [0x0000000700000000, 0x0000000800000000)
  region size 2048K, 3 young (6144K), 1 survivors (2048K)
 Metaspace       used 69906K, committed 70656K, reserved 1114112K
  class space    used 9721K, committed 10048K, reserved 1048576K
}
Event: 47.504 GC heap after
{Heap after GC invocations=38 (full 0):
 garbage-first heap   total 122880K, used 64545K [0x0000000700000000, 0x0000000800000000)
  region size 2048K, 1 young (2048K), 1 survivors (2048K)
 Metaspace       used 69906K, committed 70656K, reserved 1114112K
  class space    used 9721K, committed 10048K, reserved 1048576K
}
Event: 49.132 GC heap before
{Heap before GC invocations=39 (full 0):
 garbage-first heap   total 122880K, used 74785K [0x0000000700000000, 0x0000000800000000)
  region size 2048K, 5 young (10240K), 1 survivors (2048K)
 Metaspace       used 71047K, committed 71744K, reserved 1114112K
  class space    used 9840K, committed 10112K, reserved 1048576K
}
Event: 49.137 GC heap after
{Heap after GC invocations=40 (full 0):
 garbage-first heap   total 122880K, used 64914K [0x0000000700000000, 0x0000000800000000)
  region size 2048K, 1 young (2048K), 1 survivors (2048K)
 Metaspace       used 71047K, committed 71744K, reserved 1114112K
  class space    used 9840K, committed 10112K, reserved 1048576K
}

